*** Using Compiler 'V5.06 update 6 (build 750)', folder: 'C:\Keil_v5\ARM\ARMCC\Bin'
Build target 'ayanami-SDK'
compiling aya_common_ringbuf.c...
..\libraries\ayanami_common\aya_common_pid.h(79): warning:  #1-D: last line of file ends without a newline
  #endif
..\libraries\ayanami_driver\aya_driver_adc.h(18): warning:  #1295-D: Deprecated declaration adc_init - give arg types
  void adc_init();
..\libraries\ayanami_driver\aya_driver_pwm.h(20): warning:  #1-D: last line of file ends without a newline
  #endif
..\libraries\ayanami_device\aya_device_ips130.h(18): warning:  #1295-D: Deprecated declaration IPS130_init - give arg types
  void IPS130_init();
..\libraries\ayanami_device\aya_device_ips130.h(23): warning:  #1-D: last line of file ends without a newline
  #endif
..\libraries\ayanami_device\aya_device_bmi088.h(40): warning:  #1295-D: Deprecated declaration bmi088_init - give arg types
  void bmi088_init();
..\libraries\ayanami_device\aya_device_bmi088.h(41): warning:  #1295-D: Deprecated declaration bmi088_read_data - give arg types
  void bmi088_read_data();
..\libraries\ayanami_device\aya_device_bmi088.h(42): warning:  #1295-D: Deprecated declaration bmi088_bsx_calc - give arg types
  void bmi088_bsx_calc();
..\libraries\ayanami_device\aya_device_bmi088.h(280): warning:  #1-D: last line of file ends without a newline
  #endif
..\libraries\ayanami_device\aya_device_lcd180.h(68): warning:  #1-D: last line of file ends without a newline
  #endif
..\libraries\ayanami_device\aya_device_encoder.h(30): warning:  #1-D: last line of file ends without a newline
  #endif
..\libraries\ayanami_device\aya_device_drv8701.h(28): warning:  #1-D: last line of file ends without a newline
  #endif
..\libraries\ayanami_device\aya_device_key.h(41): warning:  #1295-D: Deprecated declaration tca9539_init - give arg types
  void tca9539_init();
..\libraries\ayanami_device\aya_device_key.h(42): warning:  #1295-D: Deprecated declaration key_handler - give arg types
  void key_handler();
..\libraries\ayanami_device\aya_device_key.h(44): warning:  #1295-D: Deprecated declaration tca9539_led_apply - give arg types
  void tca9539_led_apply();
..\libraries\ayanami_device\aya_device_key.h(46): warning:  #1-D: last line of file ends without a newline
  #endif
..\behav\aya_behav_motor.h(20): warning:  #1295-D: Deprecated declaration motor_init - give arg types
  void motor_init();
..\behav\aya_behav_motor.h(22): warning:  #1-D: last line of file ends without a newline
  #endif
..\libraries\ayanami_common\aya_common_font.h(28): warning:  #1-D: last line of file ends without a newline
  #endif
..\libraries\ayanami_common\aya_common_UI.h(50): warning:  #1295-D: Deprecated declaration ui_init - give arg types
  void ui_init();
..\libraries\ayanami_common\aya_common_UI.h(51): warning:  #1295-D: Deprecated declaration ui_handler - give arg types
  void ui_handler();
..\libraries\ayanami_common\aya_common_UI.h(53): warning:  #1-D: last line of file ends without a newline
  #endif
..\libraries\ayanami_common\aya_common_ringbuf.h(58): warning:  #1-D: last line of file ends without a newline
  #endif
..\libraries\ayanami_common\aya_common_ringbuf.h(58): warning:  #1-D: last line of file ends without a newline
  #endif
..\libraries\ayanami_common\aya_common_ringbuf.c(507): warning:  #1-D: last line of file ends without a newline
  }
..\libraries\ayanami_common\aya_common_ringbuf.c: 25 warnings, 0 errors
linking...
Program Size: Code=20076 RO-data=4128 RW-data=1644 ZI-data=2244  
".\rvmdk\ayanami-sdk.axf" - 0 Error(s), 25 Warning(s).
Build Time Elapsed:  00:00:02
